Using pre-set license
Built from '2020.3/staging' branch; Version is '2020.3.11f1 (99c7afb366b3) revision 10078127'; Using compiler version '192528614'; Build Type 'Release'
OS: 'Windows 10 Pro; OS build 19041.1052; Version 2004; 64bit' Language: 'en' Physical Memory: 16314 MB
BatchMode: 1, IsHumanControllingUs: 0, StartBugReporterOnCrash: 0, Is64bit: 1, IsPro: 0

 COMMAND LINE ARGUMENTS:
E:\Utilities\Unity 2020 (Prod)\2020.3.11f1\Editor\Unity.exe
-adb2
-batchMode
-noUpm
-name
AssetImportWorker0
-projectPath
G:/Users/KM/Documents/game-projects/escape-the-cave/escape-the-cave
-logFile
Logs/AssetImportWorker0.log
-srvPort
63116
Successfully changed project path to: G:/Users/KM/Documents/game-projects/escape-the-cave/escape-the-cave
G:/Users/KM/Documents/game-projects/escape-the-cave/escape-the-cave
Using Asset Import Pipeline V2.
Refreshing native plugins compatible for Editor in 56.17 ms, found 2 plugins.
Preloading 0 native plugins for Editor in 0.00 ms.
Initialize engine version: 2020.3.11f1 (99c7afb366b3)
[Subsystems] Discovering subsystems at path E:/Utilities/Unity 2020 (Prod)/2020.3.11f1/Editor/Data/Resources/UnitySubsystems
[Subsystems] Discovering subsystems at path G:/Users/KM/Documents/game-projects/escape-the-cave/escape-the-cave/Assets
GfxDevice: creating device client; threaded=0
Direct3D:
    Version:  Direct3D 11.0 [level 11.1]
    Renderer: NVIDIA GeForce GTX 1080 Ti (ID=0x1b06)
    Vendor:   
    VRAM:     11127 MB
    Driver:   27.21.14.6140
Initialize mono
Mono path[0] = 'E:/Utilities/Unity 2020 (Prod)/2020.3.11f1/Editor/Data/Managed'
Mono path[1] = 'E:/Utilities/Unity 2020 (Prod)/2020.3.11f1/Editor/Data/MonoBleedingEdge/lib/mono/unityjit'
Mono config path = 'E:/Utilities/Unity 2020 (Prod)/2020.3.11f1/Editor/Data/MonoBleedingEdge/etc'
Using monoOptions --debugger-agent=transport=dt_socket,embedding=1,server=y,suspend=n,address=127.0.0.1:56164
Begin MonoManager ReloadAssembly
Registering precompiled unity dll's ...
Register platform support module: E:/Utilities/Unity 2020 (Prod)/2020.3.11f1/Editor/Data/PlaybackEngines/WebGLSupport/UnityEditor.WebGL.Extensions.dll
Register platform support module: E:/Utilities/Unity 2020 (Prod)/2020.3.11f1/Editor/Data/PlaybackEngines/WindowsStandaloneSupport/UnityEditor.WindowsStandalone.Extensions.dll
Registered in 0.001226 seconds.
Native extension for WindowsStandalone target not found
Native extension for WebGL target not found
Refreshing native plugins compatible for Editor in 50.08 ms, found 2 plugins.
Preloading 0 native plugins for Editor in 0.00 ms.
Mono: successfully reloaded assembly
- Completed reload, in  1.953 seconds
Platform modules already initialized, skipping
Registering precompiled user dll's ...
Registered in 0.006792 seconds.
Begin MonoManager ReloadAssembly
Native extension for WindowsStandalone target not found
Native extension for WebGL target not found
Refreshing native plugins compatible for Editor in 0.77 ms, found 2 plugins.
Preloading 0 native plugins for Editor in 0.00 ms.
Mono: successfully reloaded assembly
- Completed reload, in  1.063 seconds
Platform modules already initialized, skipping
========================================================================
Worker process is ready to serve import requests
Launched and connected shader compiler UnityShaderCompiler.exe after 0.05 seconds
Refreshing native plugins compatible for Editor in 1.16 ms, found 2 plugins.
Preloading 0 native plugins for Editor in 0.00 ms.
Unloading 2149 Unused Serialized files (Serialized files now loaded: 0)
System memory in use before: 89.2 MB.
System memory in use after: 89.3 MB.

Unloading 59 unused Assets to reduce memory usage. Loaded Objects now: 2555.
Total: 8.084000 ms (FindLiveObjects: 0.288700 ms CreateObjectMapping: 0.199800 ms MarkObjects: 7.470500 ms  DeleteObjects: 0.122300 ms)

========================================================================
Received Import Request.
  path: Assets/Scenes/Main Menu.unity
  artifactKey: Guid(49b74a1db0703a3459d4f56e53050f28) Importer(815301076,1909f56bfc062723c751e8b465ee728b)
Start importing Assets/Scenes/Main Menu.unity using Guid(49b74a1db0703a3459d4f56e53050f28) Importer(815301076,1909f56bfc062723c751e8b465ee728b)  -> (artifact id: '424e4068fd3223128e8c1d52efe57a25') in 0.017895 seconds
  Import took 0.023729 seconds .

========================================================================
Received Import Request.
  Time since last request: 10.295766 seconds.
  path: Assets/Scripts/Player.cs
  artifactKey: Guid(8d6fde7fec0622641acbec6a2a3edaf4) Importer(815301076,1909f56bfc062723c751e8b465ee728b)
Start importing Assets/Scripts/Player.cs using Guid(8d6fde7fec0622641acbec6a2a3edaf4) Importer(815301076,1909f56bfc062723c751e8b465ee728b)  -> (artifact id: '147c7652240690d63e42c5f186531b2c') in 0.036026 seconds
  Import took 0.040421 seconds .

========================================================================
Received Import Request.
  Time since last request: 0.002035 seconds.
  path: Assets/Scripts/Player.cs
  artifactKey: Guid(8d6fde7fec0622641acbec6a2a3edaf4) Importer(815301076,1909f56bfc062723c751e8b465ee728b)
Start importing Assets/Scripts/Player.cs using Guid(8d6fde7fec0622641acbec6a2a3edaf4) Importer(815301076,1909f56bfc062723c751e8b465ee728b)  -> (artifact id: '147c7652240690d63e42c5f186531b2c') in 0.001732 seconds
  Import took 0.005967 seconds .

========================================================================
Received Prepare
Refreshing native plugins compatible for Editor in 12.90 ms, found 2 plugins.
Preloading 0 native plugins for Editor in 0.00 ms.
Unloading 47 Unused Serialized files (Serialized files now loaded: 0)
System memory in use before: 46.2 MB.
System memory in use after: 46.3 MB.

Unloading 47 unused Assets to reduce memory usage. Loaded Objects now: 2555.
Total: 8.426100 ms (FindLiveObjects: 0.216800 ms CreateObjectMapping: 0.098400 ms MarkObjects: 8.068000 ms  DeleteObjects: 0.040900 ms)

========================================================================
Received Import Request.
  Time since last request: 50.439345 seconds.
  path: Assets/Scripts/Player.cs
  artifactKey: Guid(8d6fde7fec0622641acbec6a2a3edaf4) Importer(815301076,1909f56bfc062723c751e8b465ee728b)
Start importing Assets/Scripts/Player.cs using Guid(8d6fde7fec0622641acbec6a2a3edaf4) Importer(815301076,1909f56bfc062723c751e8b465ee728b)  -> (artifact id: '9c4bddf626c96710fa7f6c60413a1c08') in 0.003105 seconds
  Import took 0.008731 seconds .

========================================================================
Received Prepare
Registering precompiled user dll's ...
Registered in 0.005796 seconds.
Begin MonoManager ReloadAssembly
Native extension for WindowsStandalone target not found
Native extension for WebGL target not found
Refreshing native plugins compatible for Editor in 0.58 ms, found 2 plugins.
Preloading 0 native plugins for Editor in 0.00 ms.
Mono: successfully reloaded assembly
- Completed reload, in  1.196 seconds
Platform modules already initialized, skipping
Refreshing native plugins compatible for Editor in 2.31 ms, found 2 plugins.
Preloading 0 native plugins for Editor in 0.00 ms.
Unloading 2127 Unused Serialized files (Serialized files now loaded: 0)
System memory in use before: 87.6 MB.
System memory in use after: 87.8 MB.

Unloading 50 unused Assets to reduce memory usage. Loaded Objects now: 2558.
Total: 6.496100 ms (FindLiveObjects: 0.390200 ms CreateObjectMapping: 0.153900 ms MarkObjects: 5.914700 ms  DeleteObjects: 0.035600 ms)

========================================================================
Received Prepare
Registering precompiled user dll's ...
Registered in 0.005282 seconds.
Begin MonoManager ReloadAssembly
Native extension for WindowsStandalone target not found
Native extension for WebGL target not found
Refreshing native plugins compatible for Editor in 0.60 ms, found 2 plugins.
Preloading 0 native plugins for Editor in 0.00 ms.
Mono: successfully reloaded assembly
- Completed reload, in  1.252 seconds
Platform modules already initialized, skipping
Refreshing native plugins compatible for Editor in 0.67 ms, found 2 plugins.
Preloading 0 native plugins for Editor in 0.00 ms.
Unloading 2127 Unused Serialized files (Serialized files now loaded: 0)
System memory in use before: 87.7 MB.
System memory in use after: 87.8 MB.

Unloading 50 unused Assets to reduce memory usage. Loaded Objects now: 2561.
Total: 5.432700 ms (FindLiveObjects: 0.250100 ms CreateObjectMapping: 0.124500 ms MarkObjects: 5.023100 ms  DeleteObjects: 0.033200 ms)

========================================================================
Received Import Request.
  Time since last request: 28.325328 seconds.
  path: Assets/Scripts/Player.cs
  artifactKey: Guid(8d6fde7fec0622641acbec6a2a3edaf4) Importer(815301076,1909f56bfc062723c751e8b465ee728b)
Start importing Assets/Scripts/Player.cs using Guid(8d6fde7fec0622641acbec6a2a3edaf4) Importer(815301076,1909f56bfc062723c751e8b465ee728b)  -> (artifact id: '508cee8d3df4ff0ed9c79d4c271bd51e') in 0.004042 seconds
  Import took 0.006993 seconds .

